TN:
SF:packages/Components/DatePicker/DatePicker.core.tsx
FN:25,padYear
FN:30,padMonthDay
FN:35,getWidth
FN:63,(anonymous_3)
FN:97,(anonymous_4)
FN:120,(anonymous_5)
FN:133,(anonymous_6)
FN:134,(anonymous_7)
FN:135,(anonymous_8)
FN:138,(anonymous_9)
FN:148,(anonymous_10)
FN:157,(anonymous_11)
FN:161,(anonymous_12)
FN:170,(anonymous_13)
FN:234,(anonymous_14)
FN:242,(anonymous_15)
FN:274,(anonymous_16)
FN:365,(anonymous_17)
FN:369,(anonymous_18)
FN:370,(anonymous_19)
FN:371,(anonymous_20)
FN:372,(anonymous_21)
FN:390,(anonymous_22)
FN:394,(anonymous_23)
FN:395,(anonymous_24)
FN:396,(anonymous_25)
FN:397,(anonymous_26)
FN:415,(anonymous_27)
FN:419,(anonymous_28)
FN:420,(anonymous_29)
FN:421,(anonymous_30)
FN:422,(anonymous_31)
FN:443,(anonymous_32)
FN:447,(anonymous_33)
FN:448,(anonymous_34)
FN:449,(anonymous_35)
FN:450,(anonymous_36)
FN:468,(anonymous_37)
FN:472,(anonymous_38)
FN:473,(anonymous_39)
FN:474,(anonymous_40)
FN:475,(anonymous_41)
FN:493,(anonymous_42)
FN:497,(anonymous_43)
FN:498,(anonymous_44)
FN:499,(anonymous_45)
FN:500,(anonymous_46)
FN:518,(anonymous_47)
FN:522,(anonymous_48)
FN:523,(anonymous_49)
FN:524,(anonymous_50)
FN:525,(anonymous_51)
FN:543,(anonymous_52)
FN:547,(anonymous_53)
FN:548,(anonymous_54)
FN:549,(anonymous_55)
FN:550,(anonymous_56)
FN:568,(anonymous_57)
FN:572,(anonymous_58)
FN:573,(anonymous_59)
FN:574,(anonymous_60)
FN:575,(anonymous_61)
FNF:62
FNH:62
FNDA:24,padYear
FNDA:48,padMonthDay
FNDA:36,getWidth
FNDA:7,(anonymous_3)
FNDA:41,(anonymous_4)
FNDA:6,(anonymous_5)
FNDA:2,(anonymous_6)
FNDA:2,(anonymous_7)
FNDA:2,(anonymous_8)
FNDA:11,(anonymous_9)
FNDA:2,(anonymous_10)
FNDA:29,(anonymous_11)
FNDA:29,(anonymous_12)
FNDA:13,(anonymous_13)
FNDA:17,(anonymous_14)
FNDA:18,(anonymous_15)
FNDA:17,(anonymous_16)
FNDA:2,(anonymous_17)
FNDA:1,(anonymous_18)
FNDA:2,(anonymous_19)
FNDA:1,(anonymous_20)
FNDA:2,(anonymous_21)
FNDA:2,(anonymous_22)
FNDA:1,(anonymous_23)
FNDA:1,(anonymous_24)
FNDA:2,(anonymous_25)
FNDA:2,(anonymous_26)
FNDA:3,(anonymous_27)
FNDA:1,(anonymous_28)
FNDA:2,(anonymous_29)
FNDA:5,(anonymous_30)
FNDA:1,(anonymous_31)
FNDA:2,(anonymous_32)
FNDA:1,(anonymous_33)
FNDA:1,(anonymous_34)
FNDA:5,(anonymous_35)
FNDA:2,(anonymous_36)
FNDA:2,(anonymous_37)
FNDA:1,(anonymous_38)
FNDA:1,(anonymous_39)
FNDA:1,(anonymous_40)
FNDA:2,(anonymous_41)
FNDA:2,(anonymous_42)
FNDA:1,(anonymous_43)
FNDA:1,(anonymous_44)
FNDA:1,(anonymous_45)
FNDA:3,(anonymous_46)
FNDA:2,(anonymous_47)
FNDA:1,(anonymous_48)
FNDA:1,(anonymous_49)
FNDA:1,(anonymous_50)
FNDA:2,(anonymous_51)
FNDA:2,(anonymous_52)
FNDA:1,(anonymous_53)
FNDA:1,(anonymous_54)
FNDA:1,(anonymous_55)
FNDA:2,(anonymous_56)
FNDA:3,(anonymous_57)
FNDA:1,(anonymous_58)
FNDA:1,(anonymous_59)
FNDA:1,(anonymous_60)
FNDA:1,(anonymous_61)
DA:1,1
DA:26,24
DA:27,22
DA:31,48
DA:32,48
DA:36,36
DA:63,1
DA:85,7
DA:87,7
DA:88,7
DA:89,7
DA:90,7
DA:91,7
DA:92,7
DA:93,7
DA:94,7
DA:95,7
DA:97,7
DA:98,41
DA:100,4
DA:102,4
DA:104,6
DA:106,4
DA:108,5
DA:110,4
DA:112,4
DA:114,4
DA:116,6
DA:120,7
DA:121,6
DA:133,7
DA:134,2
DA:135,2
DA:138,7
DA:140,11
DA:141,11
DA:142,8
DA:143,3
DA:148,7
DA:150,2
DA:151,2
DA:152,2
DA:157,7
DA:159,29
DA:160,29
DA:161,29
DA:162,29
DA:163,29
DA:164,29
DA:170,7
DA:172,13
DA:173,13
DA:174,13
DA:176,13
DA:177,13
DA:179,13
DA:180,13
DA:181,13
DA:182,3
DA:183,3
DA:184,10
DA:185,5
DA:186,5
DA:187,5
DA:188,2
DA:189,2
DA:190,3
DA:191,2
DA:192,2
DA:193,1
DA:194,1
DA:195,1
DA:197,5
DA:198,5
DA:201,13
DA:202,1
DA:203,1
DA:206,12
DA:207,12
DA:208,12
DA:209,5
DA:210,4
DA:212,7
DA:215,12
DA:217,12
DA:218,10
DA:234,7
DA:235,17
DA:236,1
DA:237,1
DA:238,1
DA:242,7
DA:246,18
DA:248,17
DA:249,17
DA:250,17
DA:252,17
DA:253,17
DA:254,17
DA:255,4
DA:256,4
DA:257,13
DA:258,6
DA:259,6
DA:260,6
DA:261,4
DA:262,4
DA:263,2
DA:264,1
DA:265,1
DA:266,1
DA:267,1
DA:268,1
DA:270,6
DA:271,6
DA:274,17
DA:275,17
DA:277,1
DA:279,2
DA:281,4
DA:283,5
DA:285,1
DA:287,1
DA:289,1
DA:291,1
DA:293,1
DA:296,17
DA:298,18
DA:299,4
DA:300,4
DA:301,4
DA:304,13
DA:305,3
DA:306,3
DA:307,3
DA:310,10
DA:311,1
DA:312,1
DA:313,1
DA:316,9
DA:317,1
DA:318,1
DA:319,1
DA:322,8
DA:323,2
DA:324,1
DA:325,1
DA:327,2
DA:330,6
DA:332,5
DA:333,5
DA:334,5
DA:335,5
DA:337,18
DA:338,1
DA:339,1
DA:340,1
DA:341,1
DA:344,4
DA:347,7
DA:349,7
DA:350,2
DA:366,2
DA:367,2
DA:369,1
DA:370,2
DA:371,1
DA:372,2
DA:391,2
DA:392,2
DA:394,1
DA:395,1
DA:396,2
DA:397,2
DA:416,3
DA:417,3
DA:419,1
DA:420,2
DA:421,5
DA:422,1
DA:428,5
DA:444,2
DA:445,2
DA:447,1
DA:448,1
DA:449,5
DA:450,2
DA:469,2
DA:470,2
DA:472,1
DA:473,1
DA:474,1
DA:475,2
DA:494,2
DA:495,2
DA:497,1
DA:498,1
DA:499,1
DA:500,3
DA:519,2
DA:520,2
DA:522,1
DA:523,1
DA:524,1
DA:525,2
DA:544,2
DA:545,2
DA:547,1
DA:548,1
DA:549,1
DA:550,2
DA:569,3
DA:570,3
DA:572,1
DA:573,1
DA:574,1
DA:575,1
LF:217
LH:217
BRDA:26,0,0,2
BRDA:26,0,1,22
BRDA:31,1,0,0
BRDA:31,1,1,48
BRDA:36,2,0,36
BRDA:36,2,1,1
BRDA:98,3,0,4
BRDA:98,3,1,4
BRDA:98,3,2,6
BRDA:98,3,3,4
BRDA:98,3,4,5
BRDA:98,3,5,4
BRDA:98,3,6,4
BRDA:98,3,7,4
BRDA:98,3,8,6
BRDA:121,4,0,2
BRDA:121,4,1,4
BRDA:141,5,0,8
BRDA:141,5,1,3
BRDA:151,6,0,0
BRDA:151,6,1,2
BRDA:160,7,0,0
BRDA:160,7,1,29
BRDA:163,8,0,29
BRDA:163,8,1,0
BRDA:163,9,0,29
BRDA:163,9,1,29
BRDA:176,10,0,5
BRDA:176,10,1,8
BRDA:181,11,0,3
BRDA:181,11,1,10
BRDA:184,12,0,5
BRDA:184,12,1,5
BRDA:187,13,0,2
BRDA:187,13,1,3
BRDA:188,14,0,2
BRDA:188,14,1,0
BRDA:189,15,0,2
BRDA:189,15,1,0
BRDA:190,16,0,2
BRDA:190,16,1,1
BRDA:191,17,0,2
BRDA:191,17,1,0
BRDA:192,18,0,2
BRDA:192,18,1,0
BRDA:193,19,0,1
BRDA:193,19,1,0
BRDA:194,20,0,1
BRDA:194,20,1,0
BRDA:195,21,0,1
BRDA:195,21,1,0
BRDA:201,22,0,1
BRDA:201,22,1,12
BRDA:208,23,0,5
BRDA:208,23,1,7
BRDA:209,24,0,4
BRDA:209,24,1,1
BRDA:217,25,0,10
BRDA:217,25,1,2
BRDA:217,26,0,12
BRDA:217,26,1,2
BRDA:217,26,2,1
BRDA:235,27,0,1
BRDA:235,27,1,16
BRDA:246,28,0,1
BRDA:246,28,1,17
BRDA:254,29,0,4
BRDA:254,29,1,13
BRDA:257,30,0,6
BRDA:257,30,1,7
BRDA:260,31,0,4
BRDA:260,31,1,2
BRDA:261,32,0,4
BRDA:261,32,1,0
BRDA:262,33,0,4
BRDA:262,33,1,0
BRDA:263,34,0,1
BRDA:263,34,1,1
BRDA:264,35,0,1
BRDA:264,35,1,0
BRDA:265,36,0,1
BRDA:265,36,1,0
BRDA:266,37,0,1
BRDA:266,37,1,0
BRDA:267,38,0,1
BRDA:267,38,1,0
BRDA:268,39,0,1
BRDA:268,39,1,0
BRDA:275,40,0,1
BRDA:275,40,1,2
BRDA:275,40,2,4
BRDA:275,40,3,5
BRDA:275,40,4,1
BRDA:275,40,5,1
BRDA:275,40,6,1
BRDA:275,40,7,1
BRDA:275,40,8,1
BRDA:296,41,0,17
BRDA:296,41,1,1
BRDA:296,42,0,1
BRDA:296,42,1,0
BRDA:298,43,0,4
BRDA:298,43,1,14
BRDA:300,44,0,1
BRDA:300,44,1,3
BRDA:304,45,0,3
BRDA:304,45,1,10
BRDA:306,46,0,1
BRDA:306,46,1,2
BRDA:310,47,0,1
BRDA:310,47,1,9
BRDA:316,48,0,1
BRDA:316,48,1,8
BRDA:322,49,0,2
BRDA:322,49,1,6
BRDA:323,50,0,1
BRDA:323,50,1,1
BRDA:330,51,0,1
BRDA:330,51,1,5
BRDA:335,52,0,4
BRDA:335,52,1,1
BRDA:337,53,0,1
BRDA:337,53,1,17
BRDA:337,54,0,18
BRDA:337,54,1,4
BRDA:337,54,2,1
BRDA:347,55,0,7
BRDA:347,55,1,6
BRDA:349,56,0,2
BRDA:349,56,1,5
BRF:130
BRH:111
end_of_record
